2025/12/16 12:27:10 WARN: No config file 'settings.conf'
2025/12/16 12:27:10 WARN: No local config file 'settings_local.conf'
{"time":"2025-12-16T12:27:10.548464178-05:00","level":"INFO","msg":"opening BadgerDB","path":"/home/shruggr/.1sat/store","inMemory":false}
{"time":"2025-12-16T12:27:10.552728042-05:00","level":"INFO","msg":"All 0 tables opened in 0s\n"}
{"time":"2025-12-16T12:27:10.555238613-05:00","level":"INFO","msg":"Discard stats nextEmptySlot: 0\n"}
{"time":"2025-12-16T12:27:10.555282234-05:00","level":"INFO","msg":"Set nextTxnTs to 0"}
{"time":"2025-12-16T12:27:10.556086019-05:00","level":"INFO","msg":"Configured TCP-only transport (WebRTC disabled to prevent mDNS)"}
{"time":"2025-12-16T12:27:10.556136294-05:00","level":"INFO","msg":"Connection manager configured: min=25, max=35, grace=20s"}
{"time":"2025-12-16T12:27:10.556157473-05:00","level":"INFO","msg":"Private IP connection gater enabled (blocking RFC1918 and local addresses)"}
{"time":"2025-12-16T12:27:10.556183412-05:00","level":"INFO","msg":"Using 2 custom bootstrap peer(s)"}
{"time":"2025-12-16T12:27:10.556190495-05:00","level":"INFO","msg":"Using bootstrap peers as relay peers"}
{"time":"2025-12-16T12:27:10.556196857-05:00","level":"INFO","msg":"UPnP/NAT-PMP disabled (production safe default)"}
{"time":"2025-12-16T12:27:10.560732309-05:00","level":"INFO","msg":"P2P Client created. ID: 12D3KooWPe4DFYeLZTycC9naaeTyqxDaSfSmpVhRGXt24ByWprmM"}
{"time":"2025-12-16T12:27:10.560755633-05:00","level":"INFO","msg":"Listening on: [/ip4/127.0.0.1/tcp/41651 /ip4/192.168.50.40/tcp/41651 /ip4/192.168.50.125/tcp/41651 /ip6/::1/tcp/43151]"}
{"time":"2025-12-16T12:27:10.560762345-05:00","level":"INFO","msg":"DHT mode: server (will advertise and store provider records)"}
{"time":"2025-12-16T12:27:10.560890025-05:00","level":"INFO","msg":"Connecting to 3 cached peers..."}
{"time":"2025-12-16T12:27:10.561008787-05:00","level":"INFO","msg":"mDNS discovery disabled (production safe default)"}
{"time":"2025-12-16T12:27:10.561028253-05:00","level":"INFO","msg":"Peer address request protocol handler installed"}
{"time":"2025-12-16T12:27:10.561038242-05:00","level":"INFO","msg":"p2p client initialized","network":"main"}
{"time":"2025-12-16T12:27:10.562027615-05:00","level":"INFO","msg":"ChainManager initializing: network=main, path=/home/shruggr/.1sat/chaintracks"}
{"time":"2025-12-16T12:27:10.562084812-05:00","level":"INFO","msg":"Loading checkpoint metadata from: /home/shruggr/.1sat/chaintracks/mainNetBlockHeaders.json"}
{"time":"2025-12-16T12:27:10.562674105-05:00","level":"INFO","msg":"Found 10 checkpoint files to load"}
{"time":"2025-12-16T12:27:10.859990645-05:00","level":"INFO","msg":"Reconnected to cached peer: teranode-mainnet-us-1 [12D3KooWH5JVqGdaw7JEizmysCfRRcPGTFfvRJF7Hkure7oQWYnb]"}
{"time":"2025-12-16T12:27:10.86004673-05:00","level":"INFO","msg":"Connected to bootstrap peer: 12D3KooWH5JVqGdaw7JEizmysCfRRcPGTFfvRJF7Hkure7oQWYnb"}
{"time":"2025-12-16T12:27:11.044926252-05:00","level":"INFO","msg":"Reconnected to cached peer: docker-mainnet-eu-2 [12D3KooWErv2DM84FYdF7Ltmqj1izTg9gbAqbqwm7uad76oE88UT]"}
{"time":"2025-12-16T12:27:11.0756823-05:00","level":"INFO","msg":"SetChainTip timing: write=308.63366ms meta=415.038µs"}
{"time":"2025-12-16T12:27:11.139059879-05:00","level":"INFO","msg":"Reconnected to cached peer: teranode-mainnet-eu-1 [12D3KooW9z2JRV37TqsmU8sDQcSQDZGSgtPpvWUmVegYxYvXfW9H]"}
{"time":"2025-12-16T12:27:11.139144477-05:00","level":"INFO","msg":"Connected to bootstrap peer: 12D3KooW9z2JRV37TqsmU8sDQcSQDZGSgtPpvWUmVegYxYvXfW9H"}
{"time":"2025-12-16T12:27:11.456331844-05:00","level":"INFO","msg":"SetChainTip timing: write=210.303376ms meta=261.64µs"}
{"time":"2025-12-16T12:27:11.80839905-05:00","level":"INFO","msg":"SetChainTip timing: write=194.799796ms meta=278.19µs"}
{"time":"2025-12-16T12:27:12.177918485-05:00","level":"INFO","msg":"SetChainTip timing: write=204.594375ms meta=254.297µs"}
{"time":"2025-12-16T12:27:12.563826535-05:00","level":"INFO","msg":"SetChainTip timing: write=197.192396ms meta=254.897µs"}
{"time":"2025-12-16T12:27:12.959171695-05:00","level":"INFO","msg":"SetChainTip timing: write=193.86679ms meta=260.558µs"}
{"time":"2025-12-16T12:27:13.337206875-05:00","level":"INFO","msg":"SetChainTip timing: write=193.540047ms meta=260.558µs"}
{"time":"2025-12-16T12:27:13.766115891-05:00","level":"INFO","msg":"SetChainTip timing: write=201.363797ms meta=254.276µs"}
{"time":"2025-12-16T12:27:14.247036955-05:00","level":"INFO","msg":"SetChainTip timing: write=195.822481ms meta=32.80796ms"}
{"time":"2025-12-16T12:27:14.462116934-05:00","level":"INFO","msg":"Bootstrap URL configured: https://mainnet.gorillanode.io/api/v1"}
{"time":"2025-12-16T12:27:14.76451571-05:00","level":"INFO","msg":"Bootstrap node tip: 0000000000000000016785234a2b03e171d007a6b41cff29ca353f8ba1c30a25"}
{"time":"2025-12-16T12:27:14.764572697-05:00","level":"INFO","msg":"Already have block 0000000000000000016785234a2b03e171d007a6b41cff29ca353f8ba1c30a25"}
{"time":"2025-12-16T12:27:14.76458516-05:00","level":"INFO","msg":"Chain tip after bootstrap: 0000000000000000016785234a2b03e171d007a6b41cff29ca353f8ba1c30a25 at height 927726"}
{"time":"2025-12-16T12:27:14.764592654-05:00","level":"INFO","msg":"Subscribing to P2P blocks for network: main"}
{"time":"2025-12-16T12:27:14.764637308-05:00","level":"INFO","msg":"chaintracks initialized","mode":"embedded"}
{"time":"2025-12-16T12:27:14.764666893-05:00","level":"INFO","msg":"Initializing Arcade in embedded mode"}
{"time":"2025-12-16T12:27:14.764692311-05:00","level":"INFO","msg":"Running database migrations","path":"/home/shruggr/.1sat/arcade/arcade.db"}
{"time":"2025-12-16T12:27:14.800669836-05:00","level":"INFO","msg":"Initializing store"}
{"time":"2025-12-16T12:27:14.801224064-05:00","level":"INFO","msg":"Initializing event publisher","type":"memory"}
{"time":"2025-12-16T12:27:14.801235575-05:00","level":"INFO","msg":"Initializing Teranode client"}
{"time":"2025-12-16T12:27:14.801239994-05:00","level":"INFO","msg":"Initializing validator"}
{"time":"2025-12-16T12:27:14.80124364-05:00","level":"INFO","msg":"Initializing transaction tracker"}
{"time":"2025-12-16T12:27:14.801324442-05:00","level":"INFO","msg":"Loaded tracked transactions","count":0}
{"time":"2025-12-16T12:27:14.801333819-05:00","level":"INFO","msg":"Using provided P2P client"}
{"time":"2025-12-16T12:27:14.801337506-05:00","level":"INFO","msg":"Using provided Chaintracks instance"}
{"time":"2025-12-16T12:27:14.801340923-05:00","level":"INFO","msg":"Initializing Arcade P2P listener"}
{"time":"2025-12-16T12:27:14.80135009-05:00","level":"INFO","msg":"Starting Arcade P2P subscriptions"}
{"time":"2025-12-16T12:27:14.801394894-05:00","level":"INFO","msg":"Arcade started","peerID":"12D3KooWPe4DFYeLZTycC9naaeTyqxDaSfSmpVhRGXt24ByWprmM"}
{"time":"2025-12-16T12:27:14.801408229-05:00","level":"INFO","msg":"arcade initialized","mode":"embedded"}
{"time":"2025-12-16T12:27:14.801663236-05:00","level":"INFO","msg":"found swagger.json","path":"/home/shruggr/Code/1sat-stack/docs/swagger.json"}
{"time":"2025-12-16T12:27:14.801688674-05:00","level":"INFO","msg":"server started","address":"0.0.0.0:8080"}

 ┌───────────────────────────────────────────────────┐ 
 │                    1sat-stack                     │ 
 │                  Fiber v2.52.10                   │ 
 │               http://127.0.0.1:8080               │ 
 │       (bound on host 0.0.0.0 and port 8080)       │ 
 │                                                   │ 
 │ Handlers ............ 89  Processes ........... 1 │ 
 │ Prefork ....... Disabled  PID ........... 2374389 │ 
 └───────────────────────────────────────────────────┘ 

{"time":"2025-12-16T12:29:19.927508023-05:00","level":"INFO","msg":"Received block: height=927727 hash=000000000000000008ee5c781c80382d1a6011888a6214e21c5489f90b34e8be from=12D3KooWErv2DM84FYdF7Ltmqj1izTg9gbAqbqwm7uad76oE88UT datahub=http://bsva-ovh-teranode-eu-1.bsvb.tech:8000/api/v1"}
{"time":"2025-12-16T12:29:19.927668193-05:00","level":"INFO","msg":"New tip: height=927727 chainwork=437922253006142710370405991"}
{"time":"2025-12-16T12:29:20.265595854-05:00","level":"INFO","msg":"Received block: height=927727 hash=000000000000000008ee5c781c80382d1a6011888a6214e21c5489f90b34e8be from=12D3KooWH5JVqGdaw7JEizmysCfRRcPGTFfvRJF7Hkure7oQWYnb datahub=https://teranode-eks-mainnet-us-1.bsvb.tech/api/v1"}
{"time":"2025-12-16T12:29:24.902793718-05:00","level":"INFO","msg":"Received block: height=927727 hash=000000000000000008ee5c781c80382d1a6011888a6214e21c5489f90b34e8be from=12D3KooW9z2JRV37TqsmU8sDQcSQDZGSgtPpvWUmVegYxYvXfW9H datahub=https://teranode-eks-mainnet-eu-1.bsvb.tech/api/v1"}
{"time":"2025-12-16T12:29:25.897455047-05:00","level":"INFO","msg":"Received block: height=927727 hash=000000000000000008ee5c781c80382d1a6011888a6214e21c5489f90b34e8be from=12D3KooWJYJPzqwRWAynCQG8Gjm53eJMuMg8NitnVvFswA2rsFHR datahub=https://mainnet.gorillanode.io/api/v1"}
{"time":"2025-12-16T12:29:27.89853923-05:00","level":"INFO","msg":"Received block: height=927727 hash=000000000000000008ee5c781c80382d1a6011888a6214e21c5489f90b34e8be from=12D3KooWKdnC5LYynDs31ysw1rnMhRM1x1eoW3eVu5YA5oNoFs8P datahub=https://teranode-mainnet.taal.com/api/v1"}
12:32:58 | 404 |      35.817µs | 192.168.50.125 | GET | / | Cannot GET /
12:32:58 | 404 |      11.762µs | 192.168.50.125 | GET | /favicon.ico | Cannot GET /favicon.ico
12:33:03 | 200 |        5.48µs | 192.168.50.125 | GET | /docs | -
12:33:04 | 200 |   34.359224ms | 192.168.50.125 | GET | /api-spec/swagger.json | -
12:33:35 | 200 |       8.105µs | 192.168.50.125 | GET | /docs | -
12:33:43 | 200 |       4.719µs | 192.168.50.125 | GET | /docs | -
12:33:43 | 200 |     123.071µs | 192.168.50.125 | GET | /api-spec/swagger.json | -
